<?xml version="1.0" encoding="UTF-8"?>
<testng-results skipped="0" failed="3" ignored="0" total="10" passed="7">
  <reporter-output>
  </reporter-output>
  <suite name="GO Rest Test Suite" duration-ms="8343" started-at="2020-06-04T09:28:24Z" finished-at="2020-06-04T09:28:32Z">
    <groups>
    </groups>
    <test name="Go Rest Regression Test" duration-ms="8343" started-at="2020-06-04T09:28:24Z" finished-at="2020-06-04T09:28:32Z">
      <class name="com.qa.gorest.tests.CreateUserAPITest">
        <test-method status="PASS" signature="createUserAPI(java.lang.String, java.lang.String, java.lang.String, java.lang.String, java.lang.String, java.lang.String, java.lang.String, java.lang.String, java.lang.String)[pri:0, instance:com.qa.gorest.tests.CreateUserAPITest@7b79305c]" name="createUserAPI" duration-ms="2983" started-at="2020-06-04T09:28:26Z" data-provider="getUserData" finished-at="2020-06-04T09:28:29Z">
          <params>
            <param index="0">
              <value>
                <![CDATA[irina11]]>
              </value>
            </param>
            <param index="1">
              <value>
                <![CDATA[B]]>
              </value>
            </param>
            <param index="2">
              <value>
                <![CDATA[female]]>
              </value>
            </param>
            <param index="3">
              <value>
                <![CDATA[01-01-1975]]>
              </value>
            </param>
            <param index="4">
              <value>
                <![CDATA[iri11@gmail.com]]>
              </value>
            </param>
            <param index="5">
              <value>
                <![CDATA['1-222-333-2333]]>
              </value>
            </param>
            <param index="6">
              <value>
                <![CDATA[http://www.google.com]]>
              </value>
            </param>
            <param index="7">
              <value>
                <![CDATA[test address pune]]>
              </value>
            </param>
            <param index="8">
              <value>
                <![CDATA[active]]>
              </value>
            </param>
          </params>
          <reporter-output>
          </reporter-output>
        </test-method> <!-- createUserAPI -->
        <test-method status="PASS" signature="createUserAPI(java.lang.String, java.lang.String, java.lang.String, java.lang.String, java.lang.String, java.lang.String, java.lang.String, java.lang.String, java.lang.String)[pri:0, instance:com.qa.gorest.tests.CreateUserAPITest@7b79305c]" name="createUserAPI" duration-ms="450" started-at="2020-06-04T09:28:29Z" data-provider="getUserData" finished-at="2020-06-04T09:28:29Z">
          <params>
            <param index="0">
              <value>
                <![CDATA[sarang11]]>
              </value>
            </param>
            <param index="1">
              <value>
                <![CDATA[K]]>
              </value>
            </param>
            <param index="2">
              <value>
                <![CDATA[male]]>
              </value>
            </param>
            <param index="3">
              <value>
                <![CDATA[01-01-1979]]>
              </value>
            </param>
            <param index="4">
              <value>
                <![CDATA[sar11@gmail.com]]>
              </value>
            </param>
            <param index="5">
              <value>
                <![CDATA['1-222-333-2311]]>
              </value>
            </param>
            <param index="6">
              <value>
                <![CDATA[http://www.google.com]]>
              </value>
            </param>
            <param index="7">
              <value>
                <![CDATA[test address pune]]>
              </value>
            </param>
            <param index="8">
              <value>
                <![CDATA[active]]>
              </value>
            </param>
          </params>
          <reporter-output>
          </reporter-output>
        </test-method> <!-- createUserAPI -->
        <test-method status="PASS" signature="createUserAPI(java.lang.String, java.lang.String, java.lang.String, java.lang.String, java.lang.String, java.lang.String, java.lang.String, java.lang.String, java.lang.String)[pri:0, instance:com.qa.gorest.tests.CreateUserAPITest@7b79305c]" name="createUserAPI" duration-ms="469" started-at="2020-06-04T09:28:29Z" data-provider="getUserData" finished-at="2020-06-04T09:28:30Z">
          <params>
            <param index="0">
              <value>
                <![CDATA[varun11]]>
              </value>
            </param>
            <param index="1">
              <value>
                <![CDATA[B]]>
              </value>
            </param>
            <param index="2">
              <value>
                <![CDATA[male]]>
              </value>
            </param>
            <param index="3">
              <value>
                <![CDATA[01-01-1972]]>
              </value>
            </param>
            <param index="4">
              <value>
                <![CDATA[var11@gmail.com]]>
              </value>
            </param>
            <param index="5">
              <value>
                <![CDATA['1-222-333-2399]]>
              </value>
            </param>
            <param index="6">
              <value>
                <![CDATA[http://www.google.com]]>
              </value>
            </param>
            <param index="7">
              <value>
                <![CDATA[test address pune]]>
              </value>
            </param>
            <param index="8">
              <value>
                <![CDATA[active]]>
              </value>
            </param>
          </params>
          <reporter-output>
          </reporter-output>
        </test-method> <!-- createUserAPI -->
        <test-method status="PASS" signature="createUserAPI(java.lang.String, java.lang.String, java.lang.String, java.lang.String, java.lang.String, java.lang.String, java.lang.String, java.lang.String, java.lang.String)[pri:0, instance:com.qa.gorest.tests.CreateUserAPITest@7b79305c]" name="createUserAPI" duration-ms="443" started-at="2020-06-04T09:28:30Z" data-provider="getUserData" finished-at="2020-06-04T09:28:30Z">
          <params>
            <param index="0">
              <value>
                <![CDATA[elina11]]>
              </value>
            </param>
            <param index="1">
              <value>
                <![CDATA[L]]>
              </value>
            </param>
            <param index="2">
              <value>
                <![CDATA[female]]>
              </value>
            </param>
            <param index="3">
              <value>
                <![CDATA[01-01-1971]]>
              </value>
            </param>
            <param index="4">
              <value>
                <![CDATA[eli11@gmail.com]]>
              </value>
            </param>
            <param index="5">
              <value>
                <![CDATA['1-222-333-2376]]>
              </value>
            </param>
            <param index="6">
              <value>
                <![CDATA[http://www.google.com]]>
              </value>
            </param>
            <param index="7">
              <value>
                <![CDATA[test address pune]]>
              </value>
            </param>
            <param index="8">
              <value>
                <![CDATA[active]]>
              </value>
            </param>
          </params>
          <reporter-output>
          </reporter-output>
        </test-method> <!-- createUserAPI -->
        <test-method status="PASS" signature="createUserAPI(java.lang.String, java.lang.String, java.lang.String, java.lang.String, java.lang.String, java.lang.String, java.lang.String, java.lang.String, java.lang.String)[pri:0, instance:com.qa.gorest.tests.CreateUserAPITest@7b79305c]" name="createUserAPI" duration-ms="436" started-at="2020-06-04T09:28:30Z" data-provider="getUserData" finished-at="2020-06-04T09:28:30Z">
          <params>
            <param index="0">
              <value>
                <![CDATA[salina11]]>
              </value>
            </param>
            <param index="1">
              <value>
                <![CDATA[R]]>
              </value>
            </param>
            <param index="2">
              <value>
                <![CDATA[male]]>
              </value>
            </param>
            <param index="3">
              <value>
                <![CDATA[01-01-1989]]>
              </value>
            </param>
            <param index="4">
              <value>
                <![CDATA[salin111@gmail.com]]>
              </value>
            </param>
            <param index="5">
              <value>
                <![CDATA['1-222-333-2344]]>
              </value>
            </param>
            <param index="6">
              <value>
                <![CDATA[http://www.google.com]]>
              </value>
            </param>
            <param index="7">
              <value>
                <![CDATA[test address pune]]>
              </value>
            </param>
            <param index="8">
              <value>
                <![CDATA[active]]>
              </value>
            </param>
          </params>
          <reporter-output>
          </reporter-output>
        </test-method> <!-- createUserAPI -->
        <test-method status="FAIL" signature="createUserHardCodedAPITest()[pri:0, instance:com.qa.gorest.tests.CreateUserAPITest@7b79305c]" name="createUserHardCodedAPITest" duration-ms="443" started-at="2020-06-04T09:28:30Z" finished-at="2020-06-04T09:28:31Z">
          <exception class="java.lang.AssertionError">
            <message>
              <![CDATA[expected [Pratik123] but found [[null]]]]>
            </message>
            <full-stacktrace>
              <![CDATA[java.lang.AssertionError: expected [Pratik123] but found [[null]]
at org.testng.Assert.fail(Assert.java:96)
at org.testng.Assert.failNotEquals(Assert.java:776)
at org.testng.Assert.assertEqualsImpl(Assert.java:137)
at org.testng.Assert.assertEquals(Assert.java:118)
at org.testng.Assert.assertEquals(Assert.java:453)
at org.testng.Assert.assertEquals(Assert.java:463)
at com.qa.gorest.tests.CreateUserAPITest.createUserHardCodedAPITest(CreateUserAPITest.java:62)
at sun.reflect.NativeMethodAccessorImpl.invoke0(Native Method)
at sun.reflect.NativeMethodAccessorImpl.invoke(NativeMethodAccessorImpl.java:62)
at sun.reflect.DelegatingMethodAccessorImpl.invoke(DelegatingMethodAccessorImpl.java:43)
at java.lang.reflect.Method.invoke(Method.java:498)
at org.testng.internal.MethodInvocationHelper.invokeMethod(MethodInvocationHelper.java:124)
at org.testng.internal.Invoker.invokeMethod(Invoker.java:583)
at org.testng.internal.Invoker.invokeTestMethod(Invoker.java:719)
at org.testng.internal.Invoker.invokeTestMethods(Invoker.java:989)
at org.testng.internal.TestMethodWorker.invokeTestMethods(TestMethodWorker.java:125)
at org.testng.internal.TestMethodWorker.run(TestMethodWorker.java:109)
at java.util.concurrent.ThreadPoolExecutor.runWorker(ThreadPoolExecutor.java:1149)
at java.util.concurrent.ThreadPoolExecutor$Worker.run(ThreadPoolExecutor.java:624)
at java.lang.Thread.run(Thread.java:748)
]]>
            </full-stacktrace>
          </exception> <!-- java.lang.AssertionError -->
          <reporter-output>
          </reporter-output>
        </test-method> <!-- createUserHardCodedAPITest -->
      </class> <!-- com.qa.gorest.tests.CreateUserAPITest -->
      <class name="com.qa.gorest.tests.UpdateUserAPITest">
        <test-method status="FAIL" signature="createUserAPI()[pri:0, instance:com.qa.gorest.tests.UpdateUserAPITest@381f0bf4]" name="createUserAPI" duration-ms="1423" started-at="2020-06-04T09:28:30Z" finished-at="2020-06-04T09:28:31Z">
          <exception class="io.restassured.path.json.exception.JsonPathException">
            <message>
              <![CDATA[Failed to parse the JSON document]]>
            </message>
            <full-stacktrace>
              <![CDATA[io.restassured.path.json.exception.JsonPathException: Failed to parse the JSON document
at io.restassured.path.json.JsonPath$ExceptionCatcher.invoke(JsonPath.java:1002)
at io.restassured.path.json.JsonPath$4.doParseWith(JsonPath.java:967)
at io.restassured.path.json.JsonPath$JsonParser.parseWith(JsonPath.java:1047)
at io.restassured.path.json.JsonPath.get(JsonPath.java:202)
at io.restassured.path.json.JsonPath.getString(JsonPath.java:352)
at com.qa.gorest.tests.UpdateUserAPITest.createUserAPI(UpdateUserAPITest.java:56)
at sun.reflect.NativeMethodAccessorImpl.invoke0(Native Method)
at sun.reflect.NativeMethodAccessorImpl.invoke(NativeMethodAccessorImpl.java:62)
at sun.reflect.DelegatingMethodAccessorImpl.invoke(DelegatingMethodAccessorImpl.java:43)
at java.lang.reflect.Method.invoke(Method.java:498)
at org.testng.internal.MethodInvocationHelper.invokeMethod(MethodInvocationHelper.java:124)
at org.testng.internal.Invoker.invokeMethod(Invoker.java:583)
at org.testng.internal.Invoker.invokeTestMethod(Invoker.java:719)
at org.testng.internal.Invoker.invokeTestMethods(Invoker.java:989)
at org.testng.internal.TestMethodWorker.invokeTestMethods(TestMethodWorker.java:125)
at org.testng.internal.TestMethodWorker.run(TestMethodWorker.java:109)
at java.util.concurrent.ThreadPoolExecutor.runWorker(ThreadPoolExecutor.java:1149)
at java.util.concurrent.ThreadPoolExecutor$Worker.run(ThreadPoolExecutor.java:624)
at java.lang.Thread.run(Thread.java:748)
Caused by: groovy.json.JsonException: Lexing failed on line: 1, column: 1, while reading '<', no possible valid JSON value or punctuation could be recognized.
at groovy.json.JsonLexer.nextToken(JsonLexer.java:86)
at groovy.json.JsonLexer$nextToken.call(Unknown Source)
at io.restassured.internal.path.json.ConfigurableJsonSlurper.parse(ConfigurableJsonSlurper.groovy:97)
at io.restassured.internal.path.json.ConfigurableJsonSlurper$parse$0.callCurrent(Unknown Source)
at io.restassured.internal.path.json.ConfigurableJsonSlurper.parseText(ConfigurableJsonSlurper.groovy:83)
at io.restassured.path.json.JsonPath$4$1.method(JsonPath.java:965)
at io.restassured.path.json.JsonPath$ExceptionCatcher.invoke(JsonPath.java:1000)
... 18 more
]]>
            </full-stacktrace>
          </exception> <!-- io.restassured.path.json.exception.JsonPathException -->
          <reporter-output>
          </reporter-output>
        </test-method> <!-- createUserAPI -->
        <test-method status="FAIL" signature="createUserAPIPUTTest_withSetter()[pri:0, instance:com.qa.gorest.tests.UpdateUserAPITest@381f0bf4]" name="createUserAPIPUTTest_withSetter" duration-ms="861" started-at="2020-06-04T09:28:31Z" finished-at="2020-06-04T09:28:32Z">
          <exception class="io.restassured.path.json.exception.JsonPathException">
            <message>
              <![CDATA[Failed to parse the JSON document]]>
            </message>
            <full-stacktrace>
              <![CDATA[io.restassured.path.json.exception.JsonPathException: Failed to parse the JSON document
at io.restassured.path.json.JsonPath$ExceptionCatcher.invoke(JsonPath.java:1002)
at io.restassured.path.json.JsonPath$4.doParseWith(JsonPath.java:967)
at io.restassured.path.json.JsonPath$JsonParser.parseWith(JsonPath.java:1047)
at io.restassured.path.json.JsonPath.get(JsonPath.java:202)
at io.restassured.path.json.JsonPath.getString(JsonPath.java:352)
at com.qa.gorest.tests.UpdateUserAPITest.createUserAPIPUTTest_withSetter(UpdateUserAPITest.java:101)
at sun.reflect.NativeMethodAccessorImpl.invoke0(Native Method)
at sun.reflect.NativeMethodAccessorImpl.invoke(NativeMethodAccessorImpl.java:62)
at sun.reflect.DelegatingMethodAccessorImpl.invoke(DelegatingMethodAccessorImpl.java:43)
at java.lang.reflect.Method.invoke(Method.java:498)
at org.testng.internal.MethodInvocationHelper.invokeMethod(MethodInvocationHelper.java:124)
at org.testng.internal.Invoker.invokeMethod(Invoker.java:583)
at org.testng.internal.Invoker.invokeTestMethod(Invoker.java:719)
at org.testng.internal.Invoker.invokeTestMethods(Invoker.java:989)
at org.testng.internal.TestMethodWorker.invokeTestMethods(TestMethodWorker.java:125)
at org.testng.internal.TestMethodWorker.run(TestMethodWorker.java:109)
at java.util.concurrent.ThreadPoolExecutor.runWorker(ThreadPoolExecutor.java:1149)
at java.util.concurrent.ThreadPoolExecutor$Worker.run(ThreadPoolExecutor.java:624)
at java.lang.Thread.run(Thread.java:748)
Caused by: groovy.json.JsonException: Lexing failed on line: 1, column: 1, while reading '<', no possible valid JSON value or punctuation could be recognized.
at groovy.json.JsonLexer.nextToken(JsonLexer.java:86)
at groovy.json.JsonLexer$nextToken.call(Unknown Source)
at io.restassured.internal.path.json.ConfigurableJsonSlurper.parse(ConfigurableJsonSlurper.groovy:97)
at io.restassured.internal.path.json.ConfigurableJsonSlurper$parse$0.callCurrent(Unknown Source)
at io.restassured.internal.path.json.ConfigurableJsonSlurper.parseText(ConfigurableJsonSlurper.groovy:83)
at io.restassured.path.json.JsonPath$4$1.method(JsonPath.java:965)
at io.restassured.path.json.JsonPath$ExceptionCatcher.invoke(JsonPath.java:1000)
... 18 more
]]>
            </full-stacktrace>
          </exception> <!-- io.restassured.path.json.exception.JsonPathException -->
          <reporter-output>
          </reporter-output>
        </test-method> <!-- createUserAPIPUTTest_withSetter -->
      </class> <!-- com.qa.gorest.tests.UpdateUserAPITest -->
      <class name="com.qa.gorest.tests.DeleteUserAPITest">
        <test-method status="PASS" signature="deleteUserTest()[pri:0, instance:com.qa.gorest.tests.DeleteUserAPITest@1f7410c5]" name="deleteUserTest" duration-ms="6528" started-at="2020-06-04T09:28:24Z" finished-at="2020-06-04T09:28:30Z">
          <reporter-output>
          </reporter-output>
        </test-method> <!-- deleteUserTest -->
      </class> <!-- com.qa.gorest.tests.DeleteUserAPITest -->
      <class name="com.qa.gorest.tests.GetUserAPITest">
        <test-method status="PASS" signature="getUserListAPITest()[pri:0, instance:com.qa.gorest.tests.GetUserAPITest@3434890]" name="getUserListAPITest" duration-ms="5972" started-at="2020-06-04T09:28:24Z" finished-at="2020-06-04T09:28:30Z">
          <reporter-output>
          </reporter-output>
        </test-method> <!-- getUserListAPITest -->
      </class> <!-- com.qa.gorest.tests.GetUserAPITest -->
    </test> <!-- Go Rest Regression Test -->
  </suite> <!-- GO Rest Test Suite -->
</testng-results>
