<?xml version="1.0" encoding="UTF-8"?>
<!-- Generated by org.testng.reporters.JUnitReportReporter -->
<testsuite skipped="0" hostname="AIPL2361LT06766" name="com.qa.gorest.tests.CreateUserAPITest" tests="6" failures="1" timestamp="04 Jun 2020 09:28:33 GMT" time="5.224" errors="0">
  <testcase name="createUserAPI" time="2.983" classname="com.qa.gorest.tests.CreateUserAPITest"/>
  <testcase name="createUserAPI" time="0.469" classname="com.qa.gorest.tests.CreateUserAPITest"/>
  <testcase name="createUserAPI" time="0.443" classname="com.qa.gorest.tests.CreateUserAPITest"/>
  <testcase name="createUserAPI" time="0.436" classname="com.qa.gorest.tests.CreateUserAPITest"/>
  <testcase name="createUserAPI" time="0.450" classname="com.qa.gorest.tests.CreateUserAPITest"/>
  <testcase name="createUserHardCodedAPITest" time="0.443" classname="com.qa.gorest.tests.CreateUserAPITest">
    <failure type="java.lang.AssertionError" message="expected [Pratik123] but found [[null]]">
      <![CDATA[java.lang.AssertionError: expected [Pratik123] but found [[null]]
at org.testng.Assert.fail(Assert.java:96)
at org.testng.Assert.failNotEquals(Assert.java:776)
at org.testng.Assert.assertEqualsImpl(Assert.java:137)
at org.testng.Assert.assertEquals(Assert.java:118)
at org.testng.Assert.assertEquals(Assert.java:453)
at org.testng.Assert.assertEquals(Assert.java:463)
at com.qa.gorest.tests.CreateUserAPITest.createUserHardCodedAPITest(CreateUserAPITest.java:62)
at sun.reflect.NativeMethodAccessorImpl.invoke0(Native Method)
at sun.reflect.NativeMethodAccessorImpl.invoke(NativeMethodAccessorImpl.java:62)
at sun.reflect.DelegatingMethodAccessorImpl.invoke(DelegatingMethodAccessorImpl.java:43)
at java.lang.reflect.Method.invoke(Method.java:498)
at org.testng.internal.MethodInvocationHelper.invokeMethod(MethodInvocationHelper.java:124)
at org.testng.internal.Invoker.invokeMethod(Invoker.java:583)
at org.testng.internal.Invoker.invokeTestMethod(Invoker.java:719)
at org.testng.internal.Invoker.invokeTestMethods(Invoker.java:989)
at org.testng.internal.TestMethodWorker.invokeTestMethods(TestMethodWorker.java:125)
at org.testng.internal.TestMethodWorker.run(TestMethodWorker.java:109)
at java.util.concurrent.ThreadPoolExecutor.runWorker(ThreadPoolExecutor.java:1149)
at java.util.concurrent.ThreadPoolExecutor$Worker.run(ThreadPoolExecutor.java:624)
at java.lang.Thread.run(Thread.java:748)
]]>
    </failure>
  </testcase> <!-- createUserHardCodedAPITest -->
</testsuite> <!-- com.qa.gorest.tests.CreateUserAPITest -->
