<?xml version="1.0" encoding="UTF-8"?>
<!-- Generated by org.testng.reporters.JUnitReportReporter -->
<testsuite skipped="0" hostname="AIPL2361LT06766" name="com.qa.gorest.tests.CreateUserAPITest" tests="6" failures="1" timestamp="2020-06-04T12:19:30 IST" time="4.502" errors="0">
  <testcase name="createUserAPI" time="0.482" classname="com.qa.gorest.tests.CreateUserAPITest"/>
  <system-out/>
  <testcase name="createUserAPI" time="0.430" classname="com.qa.gorest.tests.CreateUserAPITest"/>
  <system-out/>
  <testcase name="createUserAPI" time="0.476" classname="com.qa.gorest.tests.CreateUserAPITest"/>
  <system-out/>
  <testcase name="createUserAPI" time="0.511" classname="com.qa.gorest.tests.CreateUserAPITest"/>
  <system-out/>
  <testcase name="createUserHardCodedAPITest" time="0.491" classname="com.qa.gorest.tests.CreateUserAPITest">
    <failure type="java.lang.AssertionError" message="expected [Pratik1] but found [[null]]">
      <![CDATA[java.lang.AssertionError: expected [Pratik1] but found [[null]]
at org.testng.Assert.fail(Assert.java:97)
at org.testng.Assert.assertEqualsImpl(Assert.java:136)
at org.testng.Assert.assertEquals(Assert.java:118)
at org.testng.Assert.assertEquals(Assert.java:575)
at org.testng.Assert.assertEquals(Assert.java:585)
at com.qa.gorest.tests.CreateUserAPITest.createUserHardCodedAPITest(CreateUserAPITest.java:55)
at sun.reflect.NativeMethodAccessorImpl.invoke0(Native Method)
at sun.reflect.NativeMethodAccessorImpl.invoke(NativeMethodAccessorImpl.java:62)
at sun.reflect.DelegatingMethodAccessorImpl.invoke(DelegatingMethodAccessorImpl.java:43)
at java.lang.reflect.Method.invoke(Method.java:498)
at org.testng.internal.MethodInvocationHelper.invokeMethod(MethodInvocationHelper.java:134)
at org.testng.internal.TestInvoker.invokeMethod(TestInvoker.java:597)
at org.testng.internal.TestInvoker.invokeTestMethod(TestInvoker.java:173)
at org.testng.internal.MethodRunner.runInSequence(MethodRunner.java:46)
at org.testng.internal.TestInvoker$MethodInvocationAgent.invoke(TestInvoker.java:816)
at org.testng.internal.TestInvoker.invokeTestMethods(TestInvoker.java:146)
at org.testng.internal.TestMethodWorker.invokeTestMethods(TestMethodWorker.java:146)
at org.testng.internal.TestMethodWorker.run(TestMethodWorker.java:128)
at java.util.concurrent.ThreadPoolExecutor.runWorker(ThreadPoolExecutor.java:1149)
at java.util.concurrent.ThreadPoolExecutor$Worker.run(ThreadPoolExecutor.java:624)
at java.lang.Thread.run(Thread.java:748)
]]>
    </failure>
  </testcase> <!-- createUserHardCodedAPITest -->
  <system-out/>
  <testcase name="createUserAPI" time="2.112" classname="com.qa.gorest.tests.CreateUserAPITest"/>
  <system-out/>
</testsuite> <!-- com.qa.gorest.tests.CreateUserAPITest -->
